2016-12-26 15:34:42 [NBU] INFO: Reading start URLs from redis key 'nbu:urls' (batch size: 16)
2016-12-26 15:34:42 [NBU] DEBUG: Read 1 requests from 'nbu:urls'
2016-12-26 15:34:44 [NBU] INFO: 登陆NBU,并获取备份空间信息
2016-12-26 15:35:27 [NBU] DEBUG: Read 1 requests from 'nbu:urls'
2016-12-26 15:35:48 [NBU] INFO: 登陆NBU,并获取备份空间信息
2016-12-26 15:38:04 [NBU] INFO: Reading start URLs from redis key 'nbu:urls' (batch size: 16)
2016-12-26 15:38:24 [NBU] DEBUG: Read 1 requests from 'nbu:urls'
2016-12-26 15:38:24 [NBU] INFO: PhantomJS is starting...
2016-12-26 15:38:35 [NBU] INFO: 已点击登陆
2016-12-26 15:38:39 [NBU] INFO: 获取异步加载数据成功
2016-12-26 15:38:39 [NBU] INFO: 登陆NBU,并获取备份空间信息
2016-12-26 15:38:39 [NBU] INFO: {'availStorageSpace': [u'42950.07'],
2016-12-26 15:38:39 [NBU] INFO:  'availStorageSpaceInPercent': [u'(66%)'],
2016-12-26 15:38:39 [NBU] INFO:  'timestamp': 1482737919.808233,
2016-12-26 15:38:39 [NBU] INFO:  'usedStorageSpace': [u'22224.5'],
2016-12-26 15:38:39 [NBU] INFO:  'usedStorageSpaceInPercent': [u'(34%)']}
2016-12-27 15:00:22 [NBU] INFO: Reading start URLs from redis key 'nbu:urls' (batch size: 16)
2016-12-27 15:00:47 [NBU] DEBUG: Read 1 requests from 'nbu:urls'
2016-12-27 15:00:47 [NBU] INFO: PhantomJS is starting...
2016-12-27 15:01:15 [NBU] INFO: Reading start URLs from redis key 'nbu:urls' (batch size: 16)
2016-12-27 15:01:20 [NBU] DEBUG: Read 1 requests from 'nbu:urls'
2016-12-27 15:01:20 [NBU] INFO: PhantomJS is starting...
2016-12-27 15:01:29 [NBU] INFO: 已点击登陆
2016-12-27 15:01:44 [NBU] INFO: 获取异步加载数据失败
2016-12-27 15:01:44 [NBU] INFO: PhantomJS is starting...
2016-12-27 15:01:51 [NBU] INFO: 已点击登陆
2016-12-27 15:01:53 [NBU] INFO: 获取异步加载数据成功
2016-12-27 15:01:53 [NBU] INFO: 登陆NBU,并获取备份空间信息
2016-12-27 15:03:32 [NBU] INFO: Reading start URLs from redis key 'nbu:urls' (batch size: 16)
2016-12-27 15:03:42 [NBU] DEBUG: Read 1 requests from 'nbu:urls'
2016-12-27 15:03:42 [NBU] INFO: PhantomJS is starting...
2016-12-27 15:03:57 [NBU] INFO: 已点击登陆
2016-12-27 15:04:00 [NBU] INFO: 获取异步加载数据成功
2016-12-27 15:04:00 [NBU] INFO: 登陆NBU,并获取备份空间信息
2016-12-27 15:04:00 [NBU] INFO: {'_availStorageSpace': [u'42892.8'],
2016-12-27 15:04:00 [NBU] INFO:  '_availStorageSpaceInPercent': [u'(66%)'],
2016-12-27 15:04:00 [NBU] INFO:  '_timestamp': 1482822240.297907,
2016-12-27 15:04:00 [NBU] INFO:  '_usedStorageSpace': [u'22281.78'],
2016-12-27 15:04:00 [NBU] INFO:  '_usedStorageSpaceInPercent': [u'(34%)']}
2016-12-27 15:04:00 [NBU] INFO: 备份信息已保存进数据库
2016-12-28 14:55:55 [NBU] INFO: Reading start URLs from redis key 'nbu:urls' (batch size: 16)
2016-12-28 14:56:00 [NBU] DEBUG: Read 1 requests from 'nbu:urls'
2016-12-28 14:56:00 [NBU] INFO: PhantomJS is starting...
2016-12-28 14:56:16 [NBU] INFO: 已点击登陆
2016-12-28 14:56:32 [NBU] INFO: 获取异步加载数据失败
2016-12-28 14:56:32 [NBU] INFO: PhantomJS is starting...
2016-12-28 14:56:41 [NBU] INFO: 已点击登陆
2016-12-28 14:56:44 [NBU] INFO: 获取异步加载数据成功
2016-12-28 14:56:45 [NBU] INFO: 登陆NBU,并获取备份空间信息
2016-12-28 14:58:38 [NBU] INFO: Reading start URLs from redis key 'nbu:urls' (batch size: 16)
2016-12-28 14:58:43 [NBU] DEBUG: Read 1 requests from 'nbu:urls'
2016-12-28 14:58:43 [NBU] INFO: PhantomJS is starting...
2016-12-28 14:58:57 [NBU] INFO: 已点击登陆
2016-12-28 14:59:00 [NBU] INFO: 获取异步加载数据成功
2016-12-28 14:59:00 [NBU] INFO: 登陆NBU,并获取备份空间信息
2016-12-28 14:59:02 [NBU] INFO: 备份信息已保存进数据库
2016-12-29 16:09:01 [NBU] INFO: Reading start URLs from redis key 'nbu:urls' (batch size: 16)
2016-12-29 16:09:46 [NBU] DEBUG: Read 1 requests from 'nbu:urls'
2016-12-29 16:09:46 [NBU] INFO: 获取登录用户名与密码
2016-12-29 16:09:46 [NBU] INFO: PhantomJS is starting...
2016-12-29 16:09:57 [NBU] INFO: 已点击登陆
2016-12-29 16:10:11 [NBU] INFO: 获取异步加载数据成功
2016-12-29 16:10:11 [NBU] INFO: 登陆NBU,并获取备份空间信息
2016-12-29 16:10:12 [NBU] INFO: 备份信息已保存进数据库
2017-01-17 13:08:39 [NBU] INFO: Reading start URLs from redis key 'nbu:urls' (batch size: 16)
2017-01-17 13:09:08 [NBU] INFO: Reading start URLs from redis key 'nbu:urls' (batch size: 16)
2017-01-17 13:29:04 [NBU] DEBUG: Read 1 requests from 'nbu:urls'
2017-01-17 13:29:04 [NBU] INFO: 获取登录用户名与密码
2017-01-17 13:29:04 [NBU] INFO: PhantomJS is starting...
