2016-12-28 13:17:15 [F5] INFO: Reading start URLs from redis key 'f5pool:urls' (batch size: 16)
2016-12-28 13:17:20 [F5] DEBUG: Read 1 requests from 'f5pool:urls'
2016-12-28 13:17:20 [F5] INFO: 登陆F5页面
2016-12-28 13:17:21 [F5] INFO: 获取所有F5Pool详细页面对应URL
2016-12-28 13:17:23 [F5] INFO: 获取F5Pool成员状态
2016-12-28 13:17:23 [F5] INFO: $$$$$%##########
2016-12-28 13:17:23 [F5] INFO: <class 'spider.items.F5Item'>
2016-12-28 13:17:23 [F5] INFO: F5
2016-12-28 13:17:24 [F5] INFO: 连接池信息已保存进数据库
2016-12-28 13:17:26 [F5] INFO: 连接池信息已保存进数据库
2016-12-28 13:17:26 [F5] INFO: $$$$$%##########
2016-12-28 13:17:26 [F5] INFO: <class 'spider.items.F5Item'>
2016-12-28 13:17:26 [F5] INFO: F5
2016-12-28 13:17:26 [F5] INFO: $$$$$%##########
2016-12-28 13:17:26 [F5] INFO: <class 'spider.items.F5Item'>
2016-12-28 13:17:26 [F5] INFO: F5
2016-12-28 13:17:27 [F5] INFO: 连接池信息已保存进数据库
2016-12-28 13:17:27 [F5] INFO: 获取F5Pool成员状态
2016-12-28 13:17:27 [F5] INFO: 获取F5Pool成员状态
2016-12-28 13:17:27 [F5] INFO: 获取F5Pool成员状态
2016-12-28 13:17:27 [F5] INFO: 获取F5Pool成员状态
2016-12-28 13:17:27 [F5] INFO: $$$$$%##########
2016-12-28 13:17:27 [F5] INFO: <class 'spider.items.F5Item'>
2016-12-28 13:17:27 [F5] INFO: F5
2016-12-28 13:17:28 [F5] INFO: 连接池信息已保存进数据库
2016-12-28 13:17:30 [F5] INFO: 连接池信息已保存进数据库
2016-12-28 13:17:31 [F5] INFO: 连接池信息已保存进数据库
2016-12-28 13:17:33 [F5] INFO: 连接池信息已保存进数据库
2016-12-28 13:17:35 [F5] INFO: 连接池信息已保存进数据库
2016-12-28 13:17:37 [F5] INFO: 连接池信息已保存进数据库
2016-12-28 13:17:40 [F5] INFO: 连接池信息已保存进数据库
2016-12-28 13:17:40 [F5] INFO: $$$$$%##########
2016-12-28 13:17:40 [F5] INFO: <class 'spider.items.F5Item'>
2016-12-28 13:17:40 [F5] INFO: F5
2016-12-28 13:17:40 [F5] INFO: $$$$$%##########
2016-12-28 13:17:40 [F5] INFO: <class 'spider.items.F5Item'>
2016-12-28 13:17:40 [F5] INFO: F5
2016-12-28 13:17:40 [F5] INFO: $$$$$%##########
2016-12-28 13:17:40 [F5] INFO: <class 'spider.items.F5Item'>
2016-12-28 13:17:40 [F5] INFO: F5
2016-12-28 13:17:40 [F5] INFO: $$$$$%##########
2016-12-28 13:17:40 [F5] INFO: <class 'spider.items.F5Item'>
2016-12-28 13:17:40 [F5] INFO: F5
2016-12-28 13:17:40 [F5] INFO: $$$$$%##########
2016-12-28 13:17:40 [F5] INFO: <class 'spider.items.F5Item'>
2016-12-28 13:17:40 [F5] INFO: F5
2016-12-28 13:17:40 [F5] INFO: $$$$$%##########
2016-12-28 13:17:40 [F5] INFO: <class 'spider.items.F5Item'>
2016-12-28 13:17:40 [F5] INFO: F5
2016-12-28 13:17:40 [F5] INFO: $$$$$%##########
2016-12-28 13:17:40 [F5] INFO: <class 'spider.items.F5Item'>
2016-12-28 13:17:40 [F5] INFO: F5
2016-12-28 13:17:41 [F5] INFO: 连接池信息已保存进数据库
2016-12-28 13:17:43 [F5] INFO: 获取F5Pool成员状态
2016-12-28 13:17:43 [F5] INFO: $$$$$%##########
2016-12-28 13:17:43 [F5] INFO: <class 'spider.items.F5Item'>
2016-12-28 13:17:43 [F5] INFO: F5
2016-12-28 13:17:44 [F5] INFO: 连接池信息已保存进数据库
2016-12-28 13:17:45 [F5] INFO: 连接池信息已保存进数据库
2016-12-28 13:17:45 [F5] INFO: $$$$$%##########
2016-12-28 13:17:45 [F5] INFO: <class 'spider.items.F5Item'>
2016-12-28 13:17:45 [F5] INFO: F5
2016-12-28 13:17:46 [F5] INFO: 连接池信息已保存进数据库
2016-12-28 13:17:50 [F5] INFO: 连接池信息已保存进数据库
2016-12-28 13:17:52 [F5] INFO: 连接池信息已保存进数据库
2016-12-28 13:17:54 [F5] INFO: 连接池信息已保存进数据库
2016-12-28 13:17:55 [F5] INFO: $$$$$%##########
2016-12-28 13:17:55 [F5] INFO: <class 'spider.items.F5Item'>
2016-12-28 13:17:55 [F5] INFO: F5
2016-12-28 13:17:55 [F5] INFO: $$$$$%##########
2016-12-28 13:17:55 [F5] INFO: <class 'spider.items.F5Item'>
2016-12-28 13:17:55 [F5] INFO: F5
2016-12-28 13:17:55 [F5] INFO: $$$$$%##########
2016-12-28 13:17:55 [F5] INFO: <class 'spider.items.F5Item'>
2016-12-28 13:17:55 [F5] INFO: F5
2016-12-28 13:17:55 [F5] INFO: $$$$$%##########
2016-12-28 13:17:55 [F5] INFO: <class 'spider.items.F5Item'>
2016-12-28 13:17:55 [F5] INFO: F5
2016-12-28 13:17:55 [F5] INFO: $$$$$%##########
2016-12-28 13:17:55 [F5] INFO: <class 'spider.items.F5Item'>
2016-12-28 13:17:55 [F5] INFO: F5
2016-12-28 13:17:55 [F5] INFO: 连接池信息已保存进数据库
2016-12-28 13:17:57 [F5] INFO: 连接池信息已保存进数据库
2016-12-28 13:17:59 [F5] INFO: 连接池信息已保存进数据库
2016-12-28 13:18:01 [F5] INFO: 连接池信息已保存进数据库
2016-12-28 13:18:03 [F5] INFO: $$$$$%##########
2016-12-28 13:18:03 [F5] INFO: <class 'spider.items.F5Item'>
2016-12-28 13:18:03 [F5] INFO: F5
2016-12-28 13:18:03 [F5] INFO: $$$$$%##########
2016-12-28 13:18:03 [F5] INFO: <class 'spider.items.F5Item'>
2016-12-28 13:18:03 [F5] INFO: F5
2016-12-28 13:18:03 [F5] INFO: $$$$$%##########
2016-12-28 13:18:03 [F5] INFO: <class 'spider.items.F5Item'>
2016-12-28 13:18:03 [F5] INFO: F5
2016-12-28 13:18:03 [F5] INFO: 获取F5Pool成员状态
2016-12-28 13:18:03 [F5] INFO: $$$$$%##########
2016-12-28 13:18:03 [F5] INFO: <class 'spider.items.F5Item'>
2016-12-28 13:18:03 [F5] INFO: F5
2016-12-28 13:18:03 [F5] INFO: 连接池信息已保存进数据库
2016-12-28 13:18:06 [F5] INFO: 连接池信息已保存进数据库
2016-12-28 13:18:09 [F5] INFO: 连接池信息已保存进数据库
2016-12-28 13:18:12 [F5] INFO: 连接池信息已保存进数据库
2016-12-28 13:18:13 [F5] INFO: 连接池信息已保存进数据库
2016-12-28 13:18:15 [F5] INFO: 连接池信息已保存进数据库
2016-12-28 13:18:17 [F5] INFO: 连接池信息已保存进数据库
2016-12-28 13:18:18 [F5] INFO: $$$$$%##########
2016-12-28 13:18:18 [F5] INFO: <class 'spider.items.F5Item'>
2016-12-28 13:18:18 [F5] INFO: F5
2016-12-28 13:18:18 [F5] INFO: $$$$$%##########
2016-12-28 13:18:18 [F5] INFO: <class 'spider.items.F5Item'>
2016-12-28 13:18:18 [F5] INFO: F5
2016-12-28 13:18:18 [F5] INFO: $$$$$%##########
2016-12-28 13:18:18 [F5] INFO: <class 'spider.items.F5Item'>
2016-12-28 13:18:18 [F5] INFO: F5
2016-12-28 13:18:18 [F5] INFO: $$$$$%##########
2016-12-28 13:18:18 [F5] INFO: <class 'spider.items.F5Item'>
2016-12-28 13:18:18 [F5] INFO: F5
2016-12-28 13:18:18 [F5] INFO: $$$$$%##########
2016-12-28 13:18:18 [F5] INFO: <class 'spider.items.F5Item'>
2016-12-28 13:18:18 [F5] INFO: F5
2016-12-28 13:18:18 [F5] INFO: $$$$$%##########
2016-12-28 13:18:18 [F5] INFO: <class 'spider.items.F5Item'>
2016-12-28 13:18:18 [F5] INFO: F5
2016-12-28 13:18:18 [F5] INFO: 获取F5Pool成员状态
2016-12-28 13:18:18 [F5] INFO: 获取F5Pool成员状态
2016-12-28 13:18:18 [F5] INFO: $$$$$%##########
2016-12-28 13:18:18 [F5] INFO: <class 'spider.items.F5Item'>
2016-12-28 13:18:18 [F5] INFO: F5
2016-12-28 13:18:19 [F5] INFO: 连接池信息已保存进数据库
2016-12-28 13:18:21 [F5] INFO: 连接池信息已保存进数据库
2016-12-28 13:18:22 [F5] INFO: 连接池信息已保存进数据库
2016-12-28 13:18:25 [F5] INFO: 连接池信息已保存进数据库
2016-12-28 13:18:29 [F5] INFO: 连接池信息已保存进数据库
2016-12-28 13:18:29 [F5] INFO: 连接池信息已保存进数据库
2016-12-28 13:18:31 [F5] INFO: 连接池信息已保存进数据库
2016-12-28 13:18:33 [F5] INFO: 连接池信息已保存进数据库
2016-12-28 13:18:34 [F5] INFO: $$$$$%##########
2016-12-28 13:18:34 [F5] INFO: <class 'spider.items.F5Item'>
2016-12-28 13:18:34 [F5] INFO: F5
2016-12-28 13:18:34 [F5] INFO: $$$$$%##########
2016-12-28 13:18:34 [F5] INFO: <class 'spider.items.F5Item'>
2016-12-28 13:18:34 [F5] INFO: F5
2016-12-28 13:18:34 [F5] INFO: $$$$$%##########
2016-12-28 13:18:34 [F5] INFO: <class 'spider.items.F5Item'>
2016-12-28 13:18:34 [F5] INFO: F5
2016-12-28 13:18:34 [F5] INFO: $$$$$%##########
2016-12-28 13:18:34 [F5] INFO: <class 'spider.items.F5Item'>
2016-12-28 13:18:34 [F5] INFO: F5
2016-12-28 13:18:34 [F5] INFO: $$$$$%##########
2016-12-28 13:18:34 [F5] INFO: <class 'spider.items.F5Item'>
2016-12-28 13:18:34 [F5] INFO: F5
2016-12-28 13:18:34 [F5] INFO: $$$$$%##########
2016-12-28 13:18:34 [F5] INFO: <class 'spider.items.F5Item'>
2016-12-28 13:18:34 [F5] INFO: F5
2016-12-28 13:18:34 [F5] INFO: $$$$$%##########
2016-12-28 13:18:34 [F5] INFO: <class 'spider.items.F5Item'>
2016-12-28 13:18:34 [F5] INFO: F5
2016-12-28 13:18:34 [F5] INFO: 获取F5Pool成员状态
2016-12-28 13:18:34 [F5] INFO: $$$$$%##########
2016-12-28 13:18:34 [F5] INFO: <class 'spider.items.F5Item'>
2016-12-28 13:18:34 [F5] INFO: F5
2016-12-28 13:18:35 [F5] INFO: 连接池信息已保存进数据库
2016-12-28 13:18:37 [F5] INFO: 连接池信息已保存进数据库
2016-12-28 13:18:39 [F5] INFO: 连接池信息已保存进数据库
2016-12-28 13:18:40 [F5] INFO: $$$$$%##########
2016-12-28 13:18:40 [F5] INFO: <class 'spider.items.F5Item'>
2016-12-28 13:18:40 [F5] INFO: F5
2016-12-28 13:18:40 [F5] INFO: $$$$$%##########
2016-12-28 13:18:40 [F5] INFO: <class 'spider.items.F5Item'>
2016-12-28 13:18:40 [F5] INFO: F5
2016-12-28 13:18:41 [F5] INFO: 连接池信息已保存进数据库
2016-12-28 13:18:43 [F5] INFO: 连接池信息已保存进数据库
2016-12-28 13:18:43 [F5] INFO: 连接池信息已保存进数据库
2016-12-28 13:18:45 [F5] INFO: 连接池信息已保存进数据库
2016-12-28 13:18:45 [F5] INFO: $$$$$%##########
2016-12-28 13:18:45 [F5] INFO: <class 'spider.items.F5Item'>
2016-12-28 13:18:45 [F5] INFO: F5
2016-12-28 13:18:45 [F5] INFO: $$$$$%##########
2016-12-28 13:18:45 [F5] INFO: <class 'spider.items.F5Item'>
2016-12-28 13:18:45 [F5] INFO: F5
2016-12-28 13:18:45 [F5] INFO: $$$$$%##########
2016-12-28 13:18:45 [F5] INFO: <class 'spider.items.F5Item'>
2016-12-28 13:18:45 [F5] INFO: F5
2016-12-28 13:18:45 [F5] INFO: $$$$$%##########
2016-12-28 13:18:45 [F5] INFO: <class 'spider.items.F5Item'>
2016-12-28 13:18:45 [F5] INFO: F5
2016-12-28 13:18:45 [F5] INFO: $$$$$%##########
2016-12-28 13:18:45 [F5] INFO: <class 'spider.items.F5Item'>
2016-12-28 13:18:45 [F5] INFO: F5
2016-12-28 13:18:45 [F5] INFO: 连接池信息已保存进数据库
2016-12-28 13:18:48 [F5] INFO: 连接池信息已保存进数据库
2016-12-28 13:18:49 [F5] INFO: $$$$$%##########
2016-12-28 13:18:49 [F5] INFO: <class 'spider.items.F5Item'>
2016-12-28 13:18:49 [F5] INFO: F5
2016-12-28 13:26:43 [F5] INFO: Reading start URLs from redis key 'f5pool:urls' (batch size: 16)
2016-12-28 13:26:48 [F5] DEBUG: Read 1 requests from 'f5pool:urls'
2016-12-28 13:26:48 [F5] INFO: 登陆F5页面
2016-12-28 13:26:49 [F5] INFO: 获取所有F5Pool详细页面对应URL
2016-12-28 13:26:52 [F5] INFO: 获取F5Pool成员状态
2016-12-28 13:26:52 [F5] INFO: 连接池信息已保存进数据库
2016-12-28 13:26:55 [F5] INFO: 连接池信息已保存进数据库
2016-12-28 13:26:56 [F5] INFO: 获取F5Pool成员状态
2016-12-28 13:26:57 [F5] INFO: 连接池信息已保存进数据库
2016-12-28 13:26:58 [F5] INFO: 连接池信息已保存进数据库
2016-12-28 13:27:00 [F5] INFO: 获取F5Pool成员状态
2016-12-28 13:27:00 [F5] INFO: 获取F5Pool成员状态
2016-12-28 13:27:00 [F5] INFO: 获取F5Pool成员状态
2016-12-28 13:27:00 [F5] INFO: 获取F5Pool成员状态
2016-12-28 13:27:00 [F5] INFO: 连接池信息已保存进数据库
2016-12-28 13:27:02 [F5] INFO: 连接池信息已保存进数据库
2016-12-28 13:27:04 [F5] INFO: 连接池信息已保存进数据库
2016-12-28 13:27:07 [F5] INFO: 连接池信息已保存进数据库
2016-12-28 13:27:10 [F5] INFO: 连接池信息已保存进数据库
2016-12-28 13:27:12 [F5] INFO: 连接池信息已保存进数据库
2016-12-28 13:27:15 [F5] INFO: 连接池信息已保存进数据库
2016-12-28 13:27:17 [F5] INFO: 连接池信息已保存进数据库
2016-12-28 13:27:20 [F5] INFO: 连接池信息已保存进数据库
2016-12-28 13:27:22 [F5] INFO: 获取F5Pool成员状态
2016-12-28 13:27:23 [F5] INFO: 连接池信息已保存进数据库
2016-12-28 13:27:25 [F5] INFO: 连接池信息已保存进数据库
2016-12-28 13:27:27 [F5] INFO: 连接池信息已保存进数据库
2016-12-28 13:27:29 [F5] INFO: 连接池信息已保存进数据库
2016-12-28 13:27:32 [F5] INFO: 连接池信息已保存进数据库
2016-12-28 13:27:33 [F5] INFO: 连接池信息已保存进数据库
2016-12-28 13:27:34 [F5] INFO: 获取F5Pool成员状态
2016-12-28 13:27:34 [F5] INFO: 获取F5Pool成员状态
2016-12-28 13:27:34 [F5] INFO: 获取F5Pool成员状态
2016-12-28 13:27:35 [F5] INFO: 连接池信息已保存进数据库
2016-12-28 13:27:37 [F5] INFO: 连接池信息已保存进数据库
2016-12-28 13:27:40 [F5] INFO: 连接池信息已保存进数据库
2016-12-28 13:27:40 [F5] INFO: 连接池信息已保存进数据库
2016-12-28 13:27:42 [F5] INFO: 连接池信息已保存进数据库
2016-12-28 13:27:44 [F5] INFO: 连接池信息已保存进数据库
2016-12-28 13:27:46 [F5] INFO: 连接池信息已保存进数据库
2016-12-28 13:27:48 [F5] INFO: 连接池信息已保存进数据库
2016-12-28 13:27:50 [F5] INFO: 连接池信息已保存进数据库
2016-12-28 13:27:51 [F5] INFO: 连接池信息已保存进数据库
2016-12-28 13:27:54 [F5] INFO: 连接池信息已保存进数据库
2016-12-28 13:27:56 [F5] INFO: 连接池信息已保存进数据库
2016-12-28 13:27:58 [F5] INFO: 连接池信息已保存进数据库
2016-12-28 13:28:00 [F5] INFO: 连接池信息已保存进数据库
2016-12-28 13:28:02 [F5] INFO: 连接池信息已保存进数据库
2016-12-28 13:28:06 [F5] INFO: 连接池信息已保存进数据库
2016-12-28 13:28:09 [F5] INFO: 连接池信息已保存进数据库
2016-12-28 13:28:11 [F5] INFO: 连接池信息已保存进数据库
2016-12-28 13:28:13 [F5] INFO: 连接池信息已保存进数据库
2016-12-28 13:28:15 [F5] INFO: 连接池信息已保存进数据库
2016-12-28 13:28:17 [F5] INFO: 连接池信息已保存进数据库
2016-12-28 13:28:20 [F5] INFO: 连接池信息已保存进数据库
2016-12-28 13:28:22 [F5] INFO: 连接池信息已保存进数据库
2016-12-28 13:28:25 [F5] INFO: 连接池信息已保存进数据库
2016-12-28 13:28:28 [F5] INFO: 连接池信息已保存进数据库
2016-12-28 13:28:30 [F5] INFO: 连接池信息已保存进数据库
2017-01-17 13:03:44 [F5] INFO: Reading start URLs from redis key 'f5pool:urls' (batch size: 16)
2017-01-17 13:06:38 [F5] INFO: Reading start URLs from redis key 'f5pool:urls' (batch size: 16)
2017-01-17 13:07:50 [F5] INFO: Reading start URLs from redis key 'f5pool:urls' (batch size: 16)
2017-01-17 13:09:05 [F5] INFO: Reading start URLs from redis key 'f5pool:urls' (batch size: 16)
