{
	u'action': u'GET_STAP_SUMMARY', 
	u'errorMessage': u'', 
	u'stapHealthSummary': {
		u'stapList': 
		[
			{
				u'tls': u'Off', 
				u'stapStatus': u'Active', 
				u'compressionLevel': u'Off', 
				u'uid': u'On', 
				u'localTCPDriverInstalled': u'Yes', 
				u'firewall': u'No', 
				u'encrypted': u'Unencrypted', 
				u'priHost': u'172.16.10.6', 
				u'fastVerdict': u'Off', 
				u'stapId': 930, 
				u'db2SharedMemoryDriverInstalled': u'No', 
				u'host': u'172.16.0.214', 
				u'version': u'9.0.57375', 
				u'ieStatus': u'Pass', 
				u'sharedMemoryDriverInstalled': u'No', 
				u'pipesDriverInstalled': u'Yes', 
				u'ktapInstalled': u'Yes', 
				u'lastRsp': u'2016-12-22 14:56:09', 
				u'loadBalancing': u'0', 
				u'dbServerType': u'MSSQL', 
				u'teeInstalled': u'No'
			}, 
			{
				u'tls': u'Off', 
				u'stapStatus': u'Inactive', 
				u'compressionLevel': u'Off', 
				u'uid': u'On', 
				u'localTCPDriverInstalled': u'Yes', 
				u'firewall': u'No', 
				u'encrypted': u'Unencrypted', 
				u'priHost': u'172.16.10.6', 
				u'fastVerdict': u'Off', 
				u'stapId': 896, 
				u'db2SharedMemoryDriverInstalled': u'No', 
				u'host': u'172.16.0.215', 
				u'version': u'9.0.57375', 
				u'ieStatus': u'Pass', 
				u'sharedMemoryDriverInstalled': u'No', 
				u'pipesDriverInstalled': u'Yes', 
				u'ktapInstalled': u'Yes', 
				u'lastRsp': u'2016-12-08 14:59:32', 
				u'loadBalancing': u'0', 
				u'dbServerType': u'MSSQL', 
				u'teeInstalled': u'No'
			}, 
			{
				u'tls': u'Off', 
				u'stapStatus': u'Active', 
				u'compressionLevel': u'Off', 
				u'uid': u'On', 
				u'localTCPDriverInstalled': u'Yes', 
				u'firewall': u'No', 
				u'encrypted': u'Unencrypted', 
				u'priHost': u'172.16.10.6', 
				u'fastVerdict': u'Off', 
				u'stapId': 910, 
				u'db2SharedMemoryDriverInstalled': u'No', 
				u'host': u'172.16.0.217', 
				u'version': u'9.0.57375', 
				u'ieStatus': u'Pass', 
				u'sharedMemoryDriverInstalled': u'No', 
				u'pipesDriverInstalled': u'Yes', 
				u'ktapInstalled': u'Yes', 
				u'lastRsp': u'2016-12-22 14:56:07', 
				u'loadBalancing': u'0', 
				u'dbServerType': u'MSSQL', 
				u'teeInstalled': u'No'
			}, 
			{
				u'tls': u'Off', 
				u'stapStatus': u'Active', 
				u'compressionLevel': u'Off', 
				u'uid': u'On', 
				u'localTCPDriverInstalled': u'Yes', 
				u'firewall': u'No', 
				u'encrypted': u'Unencrypted', 
				u'priHost': u'172.16.10.6', 
				u'fastVerdict': u'Off', 
				u'stapId': 933, 
				u'db2SharedMemoryDriverInstalled': u'No', 
				u'host': u'172.16.1.35', 
				u'version': u'9.0.57375', 
				u'ieStatus': u'Pass', 
				u'sharedMemoryDriverInstalled': u'No', 
				u'pipesDriverInstalled': u'Yes', 
				u'ktapInstalled': u'Yes', 
				u'lastRsp': u'2016-12-22 14:56:06', 
				u'loadBalancing': u'0', 
				u'dbServerType': u'MSSQL', 
				u'teeInstalled': u'No'
			}
		], 
		u'success': True, 
		u'errMsg': u''
	}
}
